{
  "RSpec": {
    "coverage": {
      "/Users/liovirgildamendonca/Documents/makers-ruby/tech_test/spec/bank_tech_spec.rb": {
        "lines": [
          1,
          null,
          1,
          1,
          1,
          1,
          1,
          null,
          null,
          1,
          1,
          1,
          1,
          1,
          null,
          null,
          1,
          1,
          1,
          1,
          1,
          null,
          null,
          1,
          1,
          1,
          1,
          1,
          null,
          null,
          1,
          1,
          1,
          1,
          2,
          null,
          null,
          null,
          1,
          1,
          1,
          1,
          1,
          1,
          2,
          null,
          null,
          null,
          null,
          null,
          null,
          null
        ]
      },
      "/Users/liovirgildamendonca/Documents/makers-ruby/tech_test/lib/bank_tech.rb": {
        "lines": [
          null,
          1,
          1,
          null,
          1,
          null,
          6,
          null,
          null,
          6,
          null,
          null,
          null,
          null,
          1,
          null,
          9,
          null,
          null,
          9,
          null,
          null,
          null,
          null,
          null,
          null,
          null,
          null,
          9,
          null,
          null,
          null,
          1,
          null,
          null,
          3,
          null,
          2,
          null,
          null,
          2,
          null,
          null,
          null,
          null,
          null,
          2,
          null,
          null,
          null,
          1,
          1,
          1,
          3,
          null,
          null,
          null
        ]
      }
    },
    "timestamp": 1666708558
  }
}
